<?xml version="1.0" encoding="UTF-8"?>
<!-- Generated by org.testng.reporters.JUnitReportReporter -->
<testsuite hostname="INLEN8520045332" failures="0" tests="5" name="allRequests.RequestMethods" time="1.481" errors="0" timestamp="2022-08-30T10:57:20 IST" skipped="0">
  <testcase classname="allRequests.RequestMethods" name="init" time="1.187"/>
  <system-out/>
  <testcase classname="allRequests.RequestMethods" name="init" time="0.055"/>
  <system-out/>
  <testcase classname="allRequests.RequestMethods" name="init" time="0.082"/>
  <system-out/>
  <testcase classname="allRequests.RequestMethods" name="init" time="0.063"/>
  <system-out/>
  <testcase classname="allRequests.RequestMethods" name="init" time="0.094"/>
  <system-out/>
</testsuite> <!-- allRequests.RequestMethods -->
