<?xml version="1.0" encoding="UTF-8"?>
<!-- Generated by org.testng.reporters.JUnitReportReporter -->
<testsuite hostname="INLEN8520047493" failures="0" tests="2" name="allRequests.GetRequest" time="1.056" errors="0" timestamp="2022-08-05T13:12:53 IST" skipped="0">
  <testcase classname="allRequests.GetRequest" name="init" time="0.990"/>
  <system-out/>
  <testcase classname="allRequests.GetRequest" name="init" time="0.066"/>
  <system-out/>
</testsuite> <!-- allRequests.GetRequest -->
