<?xml version="1.0" encoding="UTF-8"?>
<!-- Generated by org.testng.reporters.JUnitReportReporter -->
<testsuite hostname="INLEN8520045332" failures="0" tests="5" name="allRequests.RequestMethods" time="1.391" errors="0" timestamp="2022-08-08T12:59:09 IST" skipped="0">
  <testcase classname="allRequests.RequestMethods" name="init" time="0.112"/>
  <system-out/>
  <testcase classname="allRequests.RequestMethods" name="init" time="0.042"/>
  <system-out/>
  <testcase classname="allRequests.RequestMethods" name="init" time="0.046"/>
  <system-out/>
  <testcase classname="allRequests.RequestMethods" name="init" time="0.075"/>
  <system-out/>
  <testcase classname="allRequests.RequestMethods" name="init" time="1.116"/>
  <system-out/>
</testsuite> <!-- allRequests.RequestMethods -->
